[2024-12-28 19:50:56,626] INFO in _internal:  * Detected change in '/home/user/swinvox/model/encoder.py', reloading
[2024-12-28 19:50:57,947] INFO in _internal:  * Restarting with stat
[2024-12-28 19:51:16,680] INFO in _internal:  * Restarting with stat
[2024-12-28 19:51:30,267] WARNING in _internal:  * Debugger is active!
[2024-12-28 19:51:30,274] INFO in _internal:  * Debugger PIN: 531-642-871
[2024-12-28 19:51:42,630] INFO in _internal:  * Detected change in '/home/user/swinvox/model/encoder.py', reloading
[2024-12-28 19:51:44,017] INFO in _internal:  * Restarting with stat
[2024-12-28 19:51:59,236] WARNING in _internal:  * Debugger is active!
[2024-12-28 19:51:59,251] INFO in _internal:  * Debugger PIN: 531-642-871
[2024-12-28 19:52:26,994] INFO in _internal:  * Detected change in '/home/user/swinvox/lib/utils.py', reloading
[2024-12-28 19:52:28,372] INFO in _internal:  * Restarting with stat
[2024-12-28 19:52:42,663] WARNING in _internal:  * Debugger is active!
[2024-12-28 19:52:42,669] INFO in _internal:  * Debugger PIN: 531-642-871
[2024-12-28 19:54:21,041] INFO in _internal:  * Detected change in '/home/user/swinvox/Tests/test_load_model.py', reloading
[2024-12-28 19:54:22,417] INFO in _internal:  * Restarting with stat
[2024-12-28 19:54:37,218] WARNING in _internal:  * Debugger is active!
[2024-12-28 19:54:37,231] INFO in _internal:  * Debugger PIN: 531-642-871
[2024-12-28 20:04:05,307] INFO in _internal: [31m[1mWARNING: This is a development server. Do not use it in a production deployment. Use a production WSGI server instead.[0m
 * Running on http://127.0.0.1:8080
[2024-12-28 20:04:05,307] INFO in _internal: [33mPress CTRL+C to quit[0m
[2024-12-28 20:04:05,309] INFO in _internal:  * Restarting with stat
[2024-12-28 20:04:13,344] WARNING in _internal:  * Debugger is active!
[2024-12-28 20:04:13,348] INFO in _internal:  * Debugger PIN: 531-642-871
[2024-12-28 20:04:41,280] DEBUG in main: -----------------------initializing app----------------------
[2024-12-28 20:04:41,287] INFO in _internal: 127.0.0.1 - - [28/Dec/2024 20:04:41] "GET /?monospaceUid=637541 HTTP/1.1" 200 -
[2024-12-28 20:04:41,530] INFO in _internal: 127.0.0.1 - - [28/Dec/2024 20:04:41] "[36mGET /static/index.css HTTP/1.1[0m" 304 -
[2024-12-28 20:04:41,531] INFO in _internal: 127.0.0.1 - - [28/Dec/2024 20:04:41] "[36mGET /static/index.js HTTP/1.1[0m" 304 -
[2024-12-28 20:04:43,055] DEBUG in main: -----------------------initializing app----------------------
[2024-12-28 20:04:43,069] INFO in _internal: 127.0.0.1 - - [28/Dec/2024 20:04:43] "GET /?monospaceUid=477108 HTTP/1.1" 200 -
[2024-12-28 20:04:43,303] INFO in _internal: 127.0.0.1 - - [28/Dec/2024 20:04:43] "[36mGET /static/index.css HTTP/1.1[0m" 304 -
[2024-12-28 20:04:43,317] INFO in _internal: 127.0.0.1 - - [28/Dec/2024 20:04:43] "[36mGET /static/index.js HTTP/1.1[0m" 304 -
[2024-12-28 20:04:54,703] INFO in main: ------------------starting upload route----------------------
[2024-12-28 20:04:54,707] INFO in main: Received files: ['pic_1.png']
[2024-12-28 20:04:54,795] INFO in main: Processed images shape: torch.Size([1, 3, 224, 224])
[2024-12-28 20:04:54,856] ERROR in main: Error in upload_images: permute(sparse_coo): number of dimensions in the tensor input does not match the length of the desired ordering of dimensions i.e. input.dim() = 4 is not equal to len(dims) = 5
[2024-12-28 20:04:54,857] INFO in _internal: 127.0.0.1 - - [28/Dec/2024 20:04:54] "[35m[1mPOST /upload HTTP/1.1[0m" 500 -
[2024-12-28 20:06:52,949] INFO in _internal:  * Detected change in '/home/user/swinvox/main.py', reloading
[2024-12-28 20:06:53,224] INFO in _internal:  * Detected change in '/home/user/swinvox/main.py', reloading
[2024-12-28 20:06:55,082] INFO in _internal:  * Restarting with stat
[2024-12-28 20:06:55,880] INFO in _internal:  * Restarting with stat
[2024-12-28 20:07:17,969] WARNING in _internal:  * Debugger is active!
[2024-12-28 20:07:17,994] INFO in _internal:  * Debugger PIN: 531-642-871
[2024-12-28 20:07:18,116] DEBUG in main: -----------------------initializing app----------------------
[2024-12-28 20:07:18,126] INFO in main: ------------------starting upload route----------------------
[2024-12-28 20:07:18,139] INFO in _internal: 127.0.0.1 - - [28/Dec/2024 20:07:18] "GET /?monospaceUid=204410 HTTP/1.1" 200 -
[2024-12-28 20:07:18,157] INFO in main: Received files: ['pic_1.png']
[2024-12-28 20:07:18,159] INFO in main: ------------------starting upload route----------------------
[2024-12-28 20:07:18,171] INFO in main: Received files: ['pic_1.png']
[2024-12-28 20:07:18,290] INFO in main: Processed images shape: torch.Size([1, 3, 224, 224])
[2024-12-28 20:07:18,291] INFO in main: Processed images shape: torch.Size([1, 3, 224, 224])
[2024-12-28 20:07:18,339] ERROR in main: Error in upload_images: permute(sparse_coo): number of dimensions in the tensor input does not match the length of the desired ordering of dimensions i.e. input.dim() = 4 is not equal to len(dims) = 5
[2024-12-28 20:07:18,340] ERROR in main: Error in upload_images: permute(sparse_coo): number of dimensions in the tensor input does not match the length of the desired ordering of dimensions i.e. input.dim() = 4 is not equal to len(dims) = 5
[2024-12-28 20:07:18,346] INFO in _internal: 127.0.0.1 - - [28/Dec/2024 20:07:18] "[35m[1mPOST /upload HTTP/1.1[0m" 500 -
[2024-12-28 20:07:18,349] INFO in _internal: 127.0.0.1 - - [28/Dec/2024 20:07:18] "[35m[1mPOST /upload HTTP/1.1[0m" 500 -
[2024-12-28 20:07:18,403] INFO in _internal: 127.0.0.1 - - [28/Dec/2024 20:07:18] "[36mGET /static/index.css HTTP/1.1[0m" 304 -
[2024-12-28 20:07:18,538] INFO in _internal: 127.0.0.1 - - [28/Dec/2024 20:07:18] "[36mGET /static/index.js HTTP/1.1[0m" 304 -
[2024-12-28 20:07:18,874] WARNING in _internal:  * Debugger is active!
[2024-12-28 20:07:18,878] INFO in _internal:  * Debugger PIN: 531-642-871
[2024-12-28 20:11:39,485] INFO in _internal:  * Detected change in '/home/user/swinvox/lib/utils.py', reloading
[2024-12-28 20:11:40,200] INFO in _internal:  * Detected change in '/home/user/swinvox/lib/utils.py', reloading
[2024-12-28 20:11:41,794] INFO in _internal:  * Restarting with stat
[2024-12-28 20:11:42,584] INFO in _internal:  * Restarting with stat
[2024-12-28 20:12:03,941] WARNING in _internal:  * Debugger is active!
[2024-12-28 20:12:03,956] INFO in _internal:  * Debugger PIN: 531-642-871
[2024-12-28 20:12:04,086] INFO in main: ------------------starting upload route----------------------
[2024-12-28 20:12:04,096] INFO in main: Received files: ['pic_1.png']
[2024-12-28 20:12:04,175] INFO in main: Processed images shape: torch.Size([1, 1, 3, 224, 224])
[2024-12-28 20:12:06,120] WARNING in _internal:  * Debugger is active!
[2024-12-28 20:12:06,126] INFO in _internal:  * Debugger PIN: 531-642-871
[2024-12-28 20:13:45,118] INFO in main: Model output: {'voxel_plot_path': 'output/voxel_plot.png'}
[2024-12-28 20:13:45,120] INFO in _internal: 127.0.0.1 - - [28/Dec/2024 20:13:45] "POST /upload HTTP/1.1" 200 -
[2024-12-28 20:13:59,209] INFO in _internal:  * Detected change in '/home/user/swinvox/main.py', reloading
[2024-12-28 20:13:59,475] INFO in _internal:  * Detected change in '/home/user/swinvox/main.py', reloading
[2024-12-28 20:14:01,391] INFO in _internal:  * Restarting with stat
[2024-12-28 20:14:06,823] INFO in _internal:  * Restarting with stat
[2024-12-28 20:14:22,850] WARNING in _internal:  * Debugger is active!
[2024-12-28 20:14:22,856] INFO in _internal:  * Debugger PIN: 531-642-871
[2024-12-28 20:14:24,895] WARNING in _internal:  * Debugger is active!
[2024-12-28 20:14:24,911] INFO in _internal:  * Debugger PIN: 531-642-871
[2024-12-28 20:14:45,305] INFO in main: ------------------starting upload route----------------------
[2024-12-28 20:14:45,311] INFO in main: Received files: ['Capture.PNG']
[2024-12-28 20:14:45,328] INFO in main: Processed images shape: torch.Size([1, 1, 3, 224, 224])
[2024-12-28 20:16:27,733] INFO in main: Model output: {'voxel_plot_path': 'output/voxel_plot.png'}
[2024-12-28 20:16:27,735] INFO in _internal: 127.0.0.1 - - [28/Dec/2024 20:16:27] "POST /upload HTTP/1.1" 200 -
[2024-12-28 20:16:46,881] INFO in _internal:  * Detected change in '/home/user/swinvox/lib/utils.py', reloading
[2024-12-28 20:16:47,183] INFO in _internal:  * Detected change in '/home/user/swinvox/lib/utils.py', reloading
[2024-12-28 20:16:48,659] INFO in _internal:  * Restarting with stat
[2024-12-28 20:16:54,655] INFO in _internal:  * Restarting with stat
[2024-12-28 20:17:14,064] WARNING in _internal:  * Debugger is active!
[2024-12-28 20:17:14,109] INFO in _internal:  * Debugger PIN: 531-642-871
[2024-12-28 20:17:17,125] WARNING in _internal:  * Debugger is active!
[2024-12-28 20:17:17,141] INFO in _internal:  * Debugger PIN: 531-642-871
